#
# There is insufficient memory for the Java Runtime Environment to continue.
# Native memory allocation (mmap) failed to map 132120576 bytes for G1 virtual space
# Possible reasons:
#   The system is out of physical RAM or swap space
#   The process is running with CompressedOops enabled, and the Java Heap may be blocking the growth of the native heap
# Possible solutions:
#   Reduce memory load on the system
#   Increase physical memory or swap space
#   Check if swap backing store is full
#   Decrease Java heap size (-Xmx/-Xms)
#   Decrease number of Java threads
#   Decrease Java thread stack sizes (-Xss)
#   Set larger code cache with -XX:ReservedCodeCacheSize=
#   JVM is running with Unscaled Compressed Oops mode in which the Java heap is
#     placed in the first 4GB address space. The Java Heap base address is the
#     maximum limit for the native heap growth. Please use -XX:HeapBaseMinAddress
#     to set the Java Heap base and to place the Java Heap above 4GB virtual address.
# This output file may be truncated or incomplete.
#
#  Out of Memory Error (os_windows.cpp:3600), pid=12712, tid=12100
#
# JRE version:  (21.0.1+12) (build )
# Java VM: Java HotSpot(TM) 64-Bit Server VM (21.0.1+12-LTS-29, mixed mode, sharing, tiered, compressed oops, compressed class ptrs, g1 gc, windows-amd64)
# No core dump will be written. Minidumps are not enabled by default on client versions of Windows
#

---------------  S U M M A R Y ------------

Command Line: --module-path=C:/Users/Marcos/Downloads/openjfx-21.0.1_windows-x64_bin-sdk/javafx-sdk-21.0.1/lib --add-modules=javafx.controls,javafx.fxml --enable-preview -XX:+ShowCodeDetailsInExceptionMessages visao.Main

Host: Intel(R) Core(TM) i3-10110U CPU @ 2.10GHz, 4 cores, 7G,  Windows 11 , 64 bit Build 22621 (10.0.22621.2428)
Time: Mon Dec 18 20:45:13 2023 Hora oficial do Brasil elapsed time: 0.017976 seconds (0d 0h 0m 0s)

---------------  T H R E A D  ---------------

Current thread (0x000002a9d958b160):  JavaThread "Unknown thread" [_thread_in_vm, id=12100, stack(0x000000fda7900000,0x000000fda7a00000) (1024K)]

Stack: [0x000000fda7900000,0x000000fda7a00000]
Native frames: (J=compiled Java code, j=interpreted, Vv=VM code, C=native code)
V  [jvm.dll+0x6c9029]
V  [jvm.dll+0x854b81]
V  [jvm.dll+0x856e5e]
V  [jvm.dll+0x857543]
V  [jvm.dll+0x280c06]
V  [jvm.dll+0x6c5715]
V  [jvm.dll+0x6ba10a]
V  [jvm.dll+0x3557ea]
V  [jvm.dll+0x35d436]
V  [jvm.dll+0x3ae1be]
V  [jvm.dll+0x3ae468]
V  [jvm.dll+0x3291fc]
V  [jvm.dll+0x329d8b]
V  [jvm.dll+0x81d179]
V  [jvm.dll+0x3bb4f1]
V  [jvm.dll+0x805ae8]
V  [jvm.dll+0x44effe]
V  [jvm.dll+0x450901]
C  [jli.dll+0x52a3]
C  [ucrtbase.dll+0x29363]
C  [KERNEL32.DLL+0x1257d]
C  [ntdll.dll+0x5aa78]


---------------  P R O C E S S  ---------------

Threads class SMR info:
_java_thread_list=0x00007ffd7f1e9b88, length=0, elements={
}

Java Threads: ( => current thread )
Total: 0

Other Threads:
  0x000002a9db7a4400 WorkerThread "GC Thread#0"                     [id=9536, stack(0x000000fda7a00000,0x000000fda7b00000) (1024K)]
  0x000002a9db7b5150 ConcurrentGCThread "G1 Main Marker"            [id=11524, stack(0x000000fda7b00000,0x000000fda7c00000) (1024K)]
  0x000002a9db7b6c00 WorkerThread "G1 Conc#0"                       [id=6228, stack(0x000000fda7c00000,0x000000fda7d00000) (1024K)]

[error occurred during error reporting (printing all threads), id 0xc0000005, EXCEPTION_ACCESS_VIOLATION (0xc0000005) at pc=0x00007ffd7e95c2c7]
VM state: not at safepoint (not fully initialized)

VM Mutex/Monitor currently owned by a thread:  ([mutex/lock_event])
[0x00007ffd7f25a6f8] Heap_lock - owner thread: 0x000002a9d958b160

Heap address: 0x0000000082200000, size: 2014 MB, Compressed Oops mode: 32-bit

CDS archive(s) mapped at: [0x0000000000000000-0x0000000000000000-0x0000000000000000), size 0, SharedBaseAddress: 0x0000000800000000, ArchiveRelocationMode: 1.
Narrow klass base: 0x0000000000000000, Narrow klass shift: 0, Narrow klass range: 0x0

GC Precious Log:
 CardTable entry size: 512
 Card Set container configuration: InlinePtr #cards 5 size 8 Array Of Cards #cards 12 size 40 Howl #buckets 4 coarsen threshold 1843 Howl Bitmap #cards 512 size 80 coarsen threshold 460 Card regions per heap region 1 cards per card region 2048

Heap:
 garbage-first heap   total 0K, used 0K [0x0000000082200000, 0x0000000100000000)
  region size 1024K, 0 young (0K), 0 survivors (0K)

[error occurred during error reporting (printing heap information), id 0xc0000005, EXCEPTION_ACCESS_VIOLATION (0xc0000005) at pc=0x00007ffd7ed41be9]
GC Heap History (0 events):
No events

Dll operation events (1 events):
Event: 0.007 Loaded shared library C:\Program Files\Java\jdk-21\bin\java.dll

Deoptimization events (0 events):
No events

Classes loaded (0 events):
No events

Classes unloaded (0 events):
No events

Classes redefined (0 events):
No events

Internal exceptions (0 events):
No events

ZGC Phase Switch (0 events):
No events

VM Operations (0 events):
No events

Events (0 events):
No events


Dynamic libraries:
0x00007ff6c7ab0000 - 0x00007ff6c7ac0000 	C:\Program Files\Java\jdk-21\bin\java.exe
0x00007ffdf0e10000 - 0x00007ffdf1027000 	C:\Windows\SYSTEM32\ntdll.dll
0x00007ffdefd30000 - 0x00007ffdefdf4000 	C:\Windows\System32\KERNEL32.DLL
0x00007ffdee450000 - 0x00007ffdee7f6000 	C:\Windows\System32\KERNELBASE.dll
0x00007ffdee2c0000 - 0x00007ffdee3d1000 	C:\Windows\System32\ucrtbase.dll
0x00007ffdb6fd0000 - 0x00007ffdb6feb000 	C:\Program Files\Java\jdk-21\bin\VCRUNTIME140.dll
0x00007ffdb6ff0000 - 0x00007ffdb7009000 	C:\Program Files\Java\jdk-21\bin\jli.dll
0x00007ffdf0c70000 - 0x00007ffdf0d20000 	C:\Windows\System32\ADVAPI32.dll
0x00007ffdef480000 - 0x00007ffdef527000 	C:\Windows\System32\msvcrt.dll
0x00007ffdef530000 - 0x00007ffdef5d6000 	C:\Windows\System32\sechost.dll
0x00007ffdf0750000 - 0x00007ffdf0867000 	C:\Windows\System32\RPCRT4.dll
0x00007ffdefb70000 - 0x00007ffdefd1d000 	C:\Windows\System32\USER32.dll
0x00007ffdee9a0000 - 0x00007ffdee9c6000 	C:\Windows\System32\win32u.dll
0x00007ffdeeb40000 - 0x00007ffdeeb69000 	C:\Windows\System32\GDI32.dll
0x00007ffdee800000 - 0x00007ffdee918000 	C:\Windows\System32\gdi32full.dll
0x00007ffdee160000 - 0x00007ffdee1fa000 	C:\Windows\System32\msvcp_win.dll
0x00007ffddc4d0000 - 0x00007ffddc763000 	C:\Windows\WinSxS\amd64_microsoft.windows.common-controls_6595b64144ccf1df_6.0.22621.2361_none_2712ced57382f843\COMCTL32.dll
0x00007ffde5e50000 - 0x00007ffde5e5a000 	C:\Windows\SYSTEM32\VERSION.dll
0x00007ffdf0680000 - 0x00007ffdf06b1000 	C:\Windows\System32\IMM32.DLL
0x00007ffddbda0000 - 0x00007ffddbdac000 	C:\Program Files\Java\jdk-21\bin\vcruntime140_1.dll
0x00007ffd98dd0000 - 0x00007ffd98e5e000 	C:\Program Files\Java\jdk-21\bin\msvcp140.dll
0x00007ffd7e620000 - 0x00007ffd7f335000 	C:\Program Files\Java\jdk-21\bin\server\jvm.dll
0x00007ffdef5f0000 - 0x00007ffdef661000 	C:\Windows\System32\WS2_32.dll
0x00007ffdee030000 - 0x00007ffdee07d000 	C:\Windows\SYSTEM32\POWRPROF.dll
0x00007ffde5200000 - 0x00007ffde5234000 	C:\Windows\SYSTEM32\WINMM.dll
0x00007ffdee010000 - 0x00007ffdee023000 	C:\Windows\SYSTEM32\UMPDC.dll
0x00007ffded140000 - 0x00007ffded158000 	C:\Windows\SYSTEM32\kernel.appcore.dll
0x00007ffdd1870000 - 0x00007ffdd187a000 	C:\Program Files\Java\jdk-21\bin\jimage.dll
0x00007ffdeb9a0000 - 0x00007ffdebbce000 	C:\Windows\SYSTEM32\DBGHELP.DLL
0x00007ffdef770000 - 0x00007ffdefafa000 	C:\Windows\System32\combase.dll
0x00007ffdf0870000 - 0x00007ffdf0947000 	C:\Windows\System32\OLEAUT32.dll
0x00007ffdd4dc0000 - 0x00007ffdd4df2000 	C:\Windows\SYSTEM32\dbgcore.DLL
0x00007ffdee920000 - 0x00007ffdee99a000 	C:\Windows\System32\bcryptPrimitives.dll
0x00007ffdaee40000 - 0x00007ffdaee5f000 	C:\Program Files\Java\jdk-21\bin\java.dll

dbghelp: loaded successfully - version: 4.0.5 - missing functions: none
symbol engine: initialized successfully - sym options: 0x614 - pdb path: .;C:\Program Files\Java\jdk-21\bin;C:\Windows\SYSTEM32;C:\Windows\WinSxS\amd64_microsoft.windows.common-controls_6595b64144ccf1df_6.0.22621.2361_none_2712ced57382f843;C:\Program Files\Java\jdk-21\bin\server

VM Arguments:
jvm_args: --module-path=C:/Users/Marcos/Downloads/openjfx-21.0.1_windows-x64_bin-sdk/javafx-sdk-21.0.1/lib --add-modules=javafx.controls,javafx.fxml --enable-preview -XX:+ShowCodeDetailsInExceptionMessages 
java_command: visao.Main
java_class_path (initial): C:\Users\Marcos\Documents\Vscode\Java\aaaa\bin;c:\Users\Marcos\Downloads\openjfx-21.0.1_windows-x64_bin-sdk\javafx-sdk-21.0.1\lib\javafx.swing.jar;c:\Users\Marcos\Downloads\openjfx-21.0.1_windows-x64_bin-sdk\javafx-sdk-21.0.1\lib\javafx.controls.jar;c:\Users\Marcos\Downloads\openjfx-21.0.1_windows-x64_bin-sdk\javafx-sdk-21.0.1\lib\javafx.media.jar;c:\Users\Marcos\Downloads\openjfx-21.0.1_windows-x64_bin-sdk\javafx-sdk-21.0.1\lib\javafx.base.jar;c:\Users\Marcos\Downloads\openjfx-21.0.1_windows-x64_bin-sdk\javafx-sdk-21.0.1\lib\javafx.web.jar;c:\Users\Marcos\Downloads\openjfx-21.0.1_windows-x64_bin-sdk\javafx-sdk-21.0.1\lib\javafx.fxml.jar;c:\Users\Marcos\Downloads\openjfx-21.0.1_windows-x64_bin-sdk\javafx-sdk-21.0.1\lib\javafx.graphics.jar;c:\Users\Marcos\Downloads\postgresql-42.7.0.jar;c:\Users\Marcos\Downloads\openjfx-21.0.1_windows-x64_bin-sdk\javafx-sdk-21.0.1\lib\javafx-swt.jar
Launcher Type: SUN_STANDARD

[Global flags]
     intx CICompilerCount                          = 3                                         {product} {ergonomic}
     uint ConcGCThreads                            = 1                                         {product} {ergonomic}
     uint G1ConcRefinementThreads                  = 4                                         {product} {ergonomic}
   size_t G1HeapRegionSize                         = 1048576                                   {product} {ergonomic}
    uintx GCDrainStackTargetSize                   = 64                                        {product} {ergonomic}
   size_t InitialHeapSize                          = 132120576                                 {product} {ergonomic}
   size_t MarkStackSize                            = 4194304                                   {product} {ergonomic}
   size_t MaxHeapSize                              = 2111832064                                {product} {ergonomic}
   size_t MinHeapDeltaBytes                        = 1048576                                   {product} {ergonomic}
   size_t MinHeapSize                              = 8388608                                   {product} {ergonomic}
    uintx NonNMethodCodeHeapSize                   = 5832780                                {pd product} {ergonomic}
    uintx NonProfiledCodeHeapSize                  = 122912730                              {pd product} {ergonomic}
    uintx ProfiledCodeHeapSize                     = 122912730                              {pd product} {ergonomic}
    uintx ReservedCodeCacheSize                    = 251658240                              {pd product} {ergonomic}
     bool SegmentedCodeCache                       = true                                      {product} {ergonomic}
     bool ShowCodeDetailsInExceptionMessages       = true                                   {manageable} {command line}
   size_t SoftMaxHeapSize                          = 2111832064                             {manageable} {ergonomic}
     bool UseCompressedOops                        = true                           {product lp64_product} {ergonomic}
     bool UseG1GC                                  = true                                      {product} {ergonomic}
     bool UseLargePagesIndividualAllocation        = false                                  {pd product} {ergonomic}

Logging:
Log output configuration:
 #0: stdout all=warning uptime,level,tags foldmultilines=false
 #1: stderr all=off uptime,level,tags foldmultilines=false

Environment Variables:
PATH=C:\Program Files\Common Files\Oracle\Java\javapath;C:\Windows\system32;C:\Windows;C:\Windows\System32\Wbem;C:\Windows\System32\WindowsPowerShell\v1.0\;C:\Windows\System32\OpenSSH\;C:\Program Files\Git\cmd;C:\ProgramData\chocolatey\bin;C:\Program Files\nodejs\;C:\Users\Marcos\AppData\Local\Programs\Python\Python312\Scripts\;C:\Users\Marcos\AppData\Local\Programs\Python\Python312\;C:\Users\Marcos\AppData\Local\Microsoft\WindowsApps;C:\Users\Marcos\AppData\Local\Programs\Microsoft VS Code\bin;C:\Program Files\JetBrains\IntelliJ IDEA Community Edition 2023.2.4\bin;C:\Users\Marcos\AppData\Roaming\npm
USERNAME=Marcos
LANG=pt_BR.UTF-8
OS=Windows_NT
PROCESSOR_IDENTIFIER=Intel64 Family 6 Model 142 Stepping 12, GenuineIntel
TMP=C:\Users\Marcos\AppData\Local\Temp
TEMP=C:\Users\Marcos\AppData\Local\Temp




Periodic native trim disabled

---------------  S Y S T E M  ---------------

OS:
 Windows 11 , 64 bit Build 22621 (10.0.22621.2428)
OS uptime: 0 days 3:15 hours

CPU: total 4 (initial active 4) (2 cores per cpu, 2 threads per core) family 6 model 142 stepping 12 microcode 0xde, cx8, cmov, fxsr, ht, mmx, 3dnowpref, sse, sse2, sse3, ssse3, sse4.1, sse4.2, popcnt, lzcnt, tsc, tscinvbit, avx, avx2, aes, erms, clmul, bmi1, bmi2, adx, fma, vzeroupper, clflush, clflushopt, rdtscp, f16c
Processor Information for all 4 processors :
  Max Mhz: 2501, Current Mhz: 2100, Mhz Limit: 2075

Memory: 4k page, system-wide physical 8049M (1843M free)
TotalPageFile size 9951M (AvailPageFile size 47M)
current process WorkingSet (physical memory assigned to process): 11M, peak: 11M
current process commit charge ("private bytes"): 52M, peak: 177M

vm_info: Java HotSpot(TM) 64-Bit Server VM (21.0.1+12-LTS-29) for windows-amd64 JRE (21.0.1+12-LTS-29), built on 2023-10-05T13:27:09Z by "mach5one" with MS VC++ 17.1 (VS2022)

END.
