#
# There is insufficient memory for the Java Runtime Environment to continue.
# Native memory allocation (malloc) failed to allocate 1214656 bytes for Chunk::new
# Possible reasons:
#   The system is out of physical RAM or swap space
#   The process is running with CompressedOops enabled, and the Java Heap may be blocking the growth of the native heap
# Possible solutions:
#   Reduce memory load on the system
#   Increase physical memory or swap space
#   Check if swap backing store is full
#   Decrease Java heap size (-Xmx/-Xms)
#   Decrease number of Java threads
#   Decrease Java thread stack sizes (-Xss)
#   Set larger code cache with -XX:ReservedCodeCacheSize=
#   JVM is running with Unscaled Compressed Oops mode in which the Java heap is
#     placed in the first 4GB address space. The Java Heap base address is the
#     maximum limit for the native heap growth. Please use -XX:HeapBaseMinAddress
#     to set the Java Heap base and to place the Java Heap above 4GB virtual address.
# This output file may be truncated or incomplete.
#
#  Out of Memory Error (arena.cpp:168), pid=4168, tid=5064
#
# JRE version: Java(TM) SE Runtime Environment (21.0.1+12) (build 21.0.1+12-LTS-29)
# Java VM: Java HotSpot(TM) 64-Bit Server VM (21.0.1+12-LTS-29, mixed mode, sharing, tiered, compressed oops, compressed class ptrs, g1 gc, windows-amd64)
# No core dump will be written. Minidumps are not enabled by default on client versions of Windows
#

---------------  S U M M A R Y ------------

Command Line: --module-path=C:/Users/Marcos/Downloads/openjfx-21.0.1_windows-x64_bin-sdk/javafx-sdk-21.0.1/lib --add-modules=javafx.controls,javafx.fxml --enable-preview -XX:+ShowCodeDetailsInExceptionMessages visao.Main

Host: Intel(R) Core(TM) i3-10110U CPU @ 2.10GHz, 4 cores, 7G,  Windows 11 , 64 bit Build 22621 (10.0.22621.2428)
Time: Mon Dec 18 20:35:52 2023 Hora oficial do Brasil elapsed time: 33.822288 seconds (0d 0h 0m 33s)

---------------  T H R E A D  ---------------

Current thread (0x0000025f67ef6010):  JavaThread "C2 CompilerThread0" daemon [_thread_in_native, id=5064, stack(0x000000bb98f00000,0x000000bb99000000) (1024K)]


Current CompileTask:
C2:  33822 4512   !   4       javafx.scene.CssStyleHelper::transitionToState (1039 bytes)

Stack: [0x000000bb98f00000,0x000000bb99000000]
Native frames: (J=compiled Java code, j=interpreted, Vv=VM code, C=native code)
V  [jvm.dll+0x6c9029]
V  [jvm.dll+0x854b81]
V  [jvm.dll+0x856e5e]
V  [jvm.dll+0x857543]
V  [jvm.dll+0x280c06]
V  [jvm.dll+0xc3ead]
V  [jvm.dll+0xc43c3]
V  [jvm.dll+0x2f3f3f]
V  [jvm.dll+0x5f40a6]
V  [jvm.dll+0x252bef]
V  [jvm.dll+0x24b431]
V  [jvm.dll+0x248fa3]
V  [jvm.dll+0x1c9ca1]
V  [jvm.dll+0x2586b9]
V  [jvm.dll+0x256c9a]
V  [jvm.dll+0x3ef1b6]
V  [jvm.dll+0x7fd728]
V  [jvm.dll+0x6c777d]
C  [ucrtbase.dll+0x29363]
C  [KERNEL32.DLL+0x1257d]
C  [ntdll.dll+0x5aa78]


---------------  P R O C E S S  ---------------

Threads class SMR info:
_java_thread_list=0x0000025f6d96d460, length=20, elements={
0x0000025f49dbb110, 0x0000025f67ee0e80, 0x0000025f67ee1a60, 0x0000025f67ee8c30,
0x0000025f67eeb2b0, 0x0000025f67eeb920, 0x0000025f67ef1160, 0x0000025f67ef6010,
0x0000025f67ef66c0, 0x0000025f6c17b8f0, 0x0000025f6c44ad40, 0x0000025f6d595820,
0x0000025f6c219bb0, 0x0000025f6d547740, 0x0000025f6cf4f590, 0x0000025f6d19acb0,
0x0000025f6d6e61d0, 0x0000025f6d746c70, 0x0000025f6d747300, 0x0000025f6cf57640
}

Java Threads: ( => current thread )
  0x0000025f49dbb110 JavaThread "main"                              [_thread_blocked, id=13528, stack(0x000000bb98100000,0x000000bb98200000) (1024K)]
  0x0000025f67ee0e80 JavaThread "Reference Handler"          daemon [_thread_blocked, id=6668, stack(0x000000bb98900000,0x000000bb98a00000) (1024K)]
  0x0000025f67ee1a60 JavaThread "Finalizer"                  daemon [_thread_blocked, id=11860, stack(0x000000bb98a00000,0x000000bb98b00000) (1024K)]
  0x0000025f67ee8c30 JavaThread "Signal Dispatcher"          daemon [_thread_blocked, id=11788, stack(0x000000bb98b00000,0x000000bb98c00000) (1024K)]
  0x0000025f67eeb2b0 JavaThread "Attach Listener"            daemon [_thread_blocked, id=13500, stack(0x000000bb98c00000,0x000000bb98d00000) (1024K)]
  0x0000025f67eeb920 JavaThread "Service Thread"             daemon [_thread_blocked, id=11812, stack(0x000000bb98d00000,0x000000bb98e00000) (1024K)]
  0x0000025f67ef1160 JavaThread "Monitor Deflation Thread"   daemon [_thread_blocked, id=12760, stack(0x000000bb98e00000,0x000000bb98f00000) (1024K)]
=>0x0000025f67ef6010 JavaThread "C2 CompilerThread0"         daemon [_thread_in_native, id=5064, stack(0x000000bb98f00000,0x000000bb99000000) (1024K)]
  0x0000025f67ef66c0 JavaThread "C1 CompilerThread0"         daemon [_thread_in_native, id=6796, stack(0x000000bb99000000,0x000000bb99100000) (1024K)]
  0x0000025f6c17b8f0 JavaThread "Common-Cleaner"             daemon [_thread_blocked, id=10036, stack(0x000000bb99100000,0x000000bb99200000) (1024K)]
  0x0000025f6c44ad40 JavaThread "Notification Thread"        daemon [_thread_blocked, id=8520, stack(0x000000bb99300000,0x000000bb99400000) (1024K)]
  0x0000025f6d595820 JavaThread "QuantumRenderer-0"          daemon [_thread_in_Java, id=3904, stack(0x000000bb99400000,0x000000bb99500000) (1024K)]
  0x0000025f6c219bb0 JavaThread "InvokeLaterDispatcher"      daemon [_thread_blocked, id=6444, stack(0x000000bb99200000,0x000000bb99300000) (1024K)]
  0x0000025f6d547740 JavaThread "JavaFX Application Thread"         [_thread_in_native, id=11540, stack(0x000000bb99800000,0x000000bb99900000) (1024K)]
  0x0000025f6cf4f590 JavaThread "JavaFX-Launcher"                   [_thread_blocked, id=13260, stack(0x000000bb99d00000,0x000000bb99e00000) (1024K)]
  0x0000025f6d19acb0 JavaThread "Thread-2"                   daemon [_thread_in_native, id=13612, stack(0x000000bb99c00000,0x000000bb99d00000) (1024K)]
  0x0000025f6d6e61d0 JavaThread "Prism Font Disposer"        daemon [_thread_blocked, id=10732, stack(0x000000bb9a200000,0x000000bb9a300000) (1024K)]
  0x0000025f6d746c70 JavaThread "Cleaner-0"                  daemon [_thread_blocked, id=7196, stack(0x000000bb9a300000,0x000000bb9a400000) (1024K)]
  0x0000025f6d747300 JavaThread "PostgreSQL-JDBC-Cleaner"    daemon [_thread_blocked, id=11864, stack(0x000000bb9a500000,0x000000bb9a600000) (1024K)]
  0x0000025f6cf57640 JavaThread "C2 CompilerThread1"         daemon [_thread_in_native, id=11464, stack(0x000000bb99e00000,0x000000bb99f00000) (1024K)]
Total: 20

Other Threads:
  0x0000025f67ec1ff0 VMThread "VM Thread"                           [id=7024, stack(0x000000bb98800000,0x000000bb98900000) (1024K)]
  0x0000025f67ea9610 WatcherThread "VM Periodic Task Thread"        [id=4244, stack(0x000000bb98700000,0x000000bb98800000) (1024K)]
  0x0000025f4beb46c0 WorkerThread "GC Thread#0"                     [id=12444, stack(0x000000bb98200000,0x000000bb98300000) (1024K)]
  0x0000025f6cf60aa0 WorkerThread "GC Thread#1"                     [id=13392, stack(0x000000bb99500000,0x000000bb99600000) (1024K)]
  0x0000025f6cf60700 WorkerThread "GC Thread#2"                     [id=11424, stack(0x000000bb99600000,0x000000bb99700000) (1024K)]
  0x0000025f6cf61920 WorkerThread "GC Thread#3"                     [id=1916, stack(0x000000bb99700000,0x000000bb99800000) (1024K)]
  0x0000025f4bec5bb0 ConcurrentGCThread "G1 Main Marker"            [id=13584, stack(0x000000bb98300000,0x000000bb98400000) (1024K)]
  0x0000025f4bec6ec0 WorkerThread "G1 Conc#0"                       [id=12608, stack(0x000000bb98400000,0x000000bb98500000) (1024K)]
  0x0000025f4bf277d0 ConcurrentGCThread "G1 Refine#0"               [id=14076, stack(0x000000bb98500000,0x000000bb98600000) (1024K)]
  0x0000025f67d81400 ConcurrentGCThread "G1 Service"                [id=11180, stack(0x000000bb98600000,0x000000bb98700000) (1024K)]
Total: 10

Threads with active compile tasks:
C2 CompilerThread0    33868 4512   !   4       javafx.scene.CssStyleHelper::transitionToState (1039 bytes)
C1 CompilerThread0    33868 4543       3       com.sun.javafx.sg.prism.NGRegion::renderBackgroundRectangle (1165 bytes)
Total: 2

VM state: not at safepoint (normal execution)

VM Mutex/Monitor currently owned by a thread: None

Heap address: 0x0000000082200000, size: 2014 MB, Compressed Oops mode: 32-bit

CDS archive(s) mapped at: [0x0000025f00000000-0x0000025f00c90000-0x0000025f00c90000), size 13172736, SharedBaseAddress: 0x0000025f00000000, ArchiveRelocationMode: 1.
Compressed class space mapped at: 0x0000025f01000000-0x0000025f41000000, reserved size: 1073741824
Narrow klass base: 0x0000025f00000000, Narrow klass shift: 0, Narrow klass range: 0x100000000

GC Precious Log:
 CardTable entry size: 512
 Card Set container configuration: InlinePtr #cards 5 size 8 Array Of Cards #cards 12 size 40 Howl #buckets 4 coarsen threshold 1843 Howl Bitmap #cards 512 size 80 coarsen threshold 460 Card regions per heap region 1 cards per card region 2048
 CPUs: 4 total, 4 available
 Memory: 8049M
 Large Page Support: Disabled
 NUMA Support: Disabled
 Compressed Oops: Enabled (32-bit)
 Heap Region Size: 1M
 Heap Min Capacity: 8M
 Heap Initial Capacity: 126M
 Heap Max Capacity: 2014M
 Pre-touch: Disabled
 Parallel Workers: 4
 Concurrent Workers: 1
 Concurrent Refinement Workers: 4
 Periodic GC: Disabled

Heap:
 garbage-first heap   total 58368K, used 27290K [0x0000000082200000, 0x0000000100000000)
  region size 1024K, 12 young (12288K), 2 survivors (2048K)
 Metaspace       used 22370K, committed 22720K, reserved 1114112K
  class space    used 3197K, committed 3328K, reserved 1048576K

Heap Regions: E=young(eden), S=young(survivor), O=old, HS=humongous(starts), HC=humongous(continues), CS=collection set, F=free, TAMS=top-at-mark-start, PB=parsable bottom
|   0|0x0000000082200000, 0x0000000082300000, 0x0000000082300000|100%| O|  |TAMS 0x0000000082200000| PB 0x0000000082200000| Untracked 
|   1|0x0000000082300000, 0x0000000082400000, 0x0000000082400000|100%|HS|  |TAMS 0x0000000082300000| PB 0x0000000082300000| Complete 
|   2|0x0000000082400000, 0x0000000082500000, 0x0000000082500000|100%|HC|  |TAMS 0x0000000082400000| PB 0x0000000082400000| Complete 
|   3|0x0000000082500000, 0x0000000082600000, 0x0000000082600000|100%| O|  |TAMS 0x0000000082500000| PB 0x0000000082500000| Untracked 
|   4|0x0000000082600000, 0x0000000082700000, 0x0000000082700000|100%| O|  |TAMS 0x0000000082600000| PB 0x0000000082600000| Untracked 
|   5|0x0000000082700000, 0x00000000827dac50, 0x0000000082800000| 85%| O|  |TAMS 0x0000000082700000| PB 0x0000000082700000| Untracked 
|   6|0x0000000082800000, 0x0000000082900000, 0x0000000082900000|100%| O|  |TAMS 0x0000000082800000| PB 0x0000000082800000| Untracked 
|   7|0x0000000082900000, 0x0000000082a00000, 0x0000000082a00000|100%| O|  |TAMS 0x0000000082900000| PB 0x0000000082900000| Untracked 
|   8|0x0000000082a00000, 0x0000000082b00000, 0x0000000082b00000|100%| O|  |TAMS 0x0000000082a00000| PB 0x0000000082a00000| Untracked 
|   9|0x0000000082b00000, 0x0000000082c00000, 0x0000000082c00000|100%| O|  |TAMS 0x0000000082b00000| PB 0x0000000082b00000| Untracked 
|  10|0x0000000082c00000, 0x0000000082d00000, 0x0000000082d00000|100%| O|  |TAMS 0x0000000082c00000| PB 0x0000000082c00000| Untracked 
|  11|0x0000000082d00000, 0x0000000082e00000, 0x0000000082e00000|100%| O|  |TAMS 0x0000000082d00000| PB 0x0000000082d00000| Untracked 
|  12|0x0000000082e00000, 0x0000000082f00000, 0x0000000082f00000|100%| O|  |TAMS 0x0000000082e00000| PB 0x0000000082e00000| Untracked 
|  13|0x0000000082f00000, 0x0000000083000000, 0x0000000083000000|100%| O|  |TAMS 0x0000000082f00000| PB 0x0000000082f00000| Untracked 
|  14|0x0000000083000000, 0x0000000083100000, 0x0000000083100000|100%| O|  |TAMS 0x0000000083000000| PB 0x0000000083000000| Untracked 
|  15|0x0000000083100000, 0x0000000083200000, 0x0000000083200000|100%| O|  |TAMS 0x0000000083100000| PB 0x0000000083100000| Untracked 
|  16|0x0000000083200000, 0x000000008326f120, 0x0000000083300000| 43%| O|  |TAMS 0x0000000083200000| PB 0x0000000083200000| Untracked 
|  17|0x0000000083300000, 0x0000000083300000, 0x0000000083400000|  0%| F|  |TAMS 0x0000000083300000| PB 0x0000000083300000| Untracked 
|  18|0x0000000083400000, 0x0000000083400000, 0x0000000083500000|  0%| F|  |TAMS 0x0000000083400000| PB 0x0000000083400000| Untracked 
|  19|0x0000000083500000, 0x0000000083500000, 0x0000000083600000|  0%| F|  |TAMS 0x0000000083500000| PB 0x0000000083500000| Untracked 
|  20|0x0000000083600000, 0x0000000083600000, 0x0000000083700000|  0%| F|  |TAMS 0x0000000083600000| PB 0x0000000083600000| Untracked 
|  21|0x0000000083700000, 0x0000000083700000, 0x0000000083800000|  0%| F|  |TAMS 0x0000000083700000| PB 0x0000000083700000| Untracked 
|  22|0x0000000083800000, 0x0000000083800000, 0x0000000083900000|  0%| F|  |TAMS 0x0000000083800000| PB 0x0000000083800000| Untracked 
|  23|0x0000000083900000, 0x0000000083900000, 0x0000000083a00000|  0%| F|  |TAMS 0x0000000083900000| PB 0x0000000083900000| Untracked 
|  24|0x0000000083a00000, 0x0000000083a00000, 0x0000000083b00000|  0%| F|  |TAMS 0x0000000083a00000| PB 0x0000000083a00000| Untracked 
|  25|0x0000000083b00000, 0x0000000083b00000, 0x0000000083c00000|  0%| F|  |TAMS 0x0000000083b00000| PB 0x0000000083b00000| Untracked 
|  26|0x0000000083c00000, 0x0000000083c00000, 0x0000000083d00000|  0%| F|  |TAMS 0x0000000083c00000| PB 0x0000000083c00000| Untracked 
|  27|0x0000000083d00000, 0x0000000083d00000, 0x0000000083e00000|  0%| F|  |TAMS 0x0000000083d00000| PB 0x0000000083d00000| Untracked 
|  28|0x0000000083e00000, 0x0000000083e00000, 0x0000000083f00000|  0%| F|  |TAMS 0x0000000083e00000| PB 0x0000000083e00000| Untracked 
|  29|0x0000000083f00000, 0x0000000083f00000, 0x0000000084000000|  0%| F|  |TAMS 0x0000000083f00000| PB 0x0000000083f00000| Untracked 
|  30|0x0000000084000000, 0x0000000084000000, 0x0000000084100000|  0%| F|  |TAMS 0x0000000084000000| PB 0x0000000084000000| Untracked 
|  31|0x0000000084100000, 0x0000000084100000, 0x0000000084200000|  0%| F|  |TAMS 0x0000000084100000| PB 0x0000000084100000| Untracked 
|  32|0x0000000084200000, 0x0000000084200000, 0x0000000084300000|  0%| F|  |TAMS 0x0000000084200000| PB 0x0000000084200000| Untracked 
|  33|0x0000000084300000, 0x0000000084300000, 0x0000000084400000|  0%| F|  |TAMS 0x0000000084300000| PB 0x0000000084300000| Untracked 
|  34|0x0000000084400000, 0x0000000084400000, 0x0000000084500000|  0%| F|  |TAMS 0x0000000084400000| PB 0x0000000084400000| Untracked 
|  35|0x0000000084500000, 0x0000000084500000, 0x0000000084600000|  0%| F|  |TAMS 0x0000000084500000| PB 0x0000000084500000| Untracked 
|  36|0x0000000084600000, 0x0000000084600000, 0x0000000084700000|  0%| F|  |TAMS 0x0000000084600000| PB 0x0000000084600000| Untracked 
|  37|0x0000000084700000, 0x0000000084700000, 0x0000000084800000|  0%| F|  |TAMS 0x0000000084700000| PB 0x0000000084700000| Untracked 
|  38|0x0000000084800000, 0x0000000084800000, 0x0000000084900000|  0%| F|  |TAMS 0x0000000084800000| PB 0x0000000084800000| Untracked 
|  39|0x0000000084900000, 0x0000000084900000, 0x0000000084a00000|  0%| F|  |TAMS 0x0000000084900000| PB 0x0000000084900000| Untracked 
|  40|0x0000000084a00000, 0x0000000084a00000, 0x0000000084b00000|  0%| F|  |TAMS 0x0000000084a00000| PB 0x0000000084a00000| Untracked 
|  41|0x0000000084b00000, 0x0000000084b00000, 0x0000000084c00000|  0%| F|  |TAMS 0x0000000084b00000| PB 0x0000000084b00000| Untracked 
|  42|0x0000000084c00000, 0x0000000084c00000, 0x0000000084d00000|  0%| F|  |TAMS 0x0000000084c00000| PB 0x0000000084c00000| Untracked 
|  43|0x0000000084d00000, 0x0000000084d5cc38, 0x0000000084e00000| 36%| S|CS|TAMS 0x0000000084d00000| PB 0x0000000084d00000| Complete 
|  44|0x0000000084e00000, 0x0000000084f00000, 0x0000000084f00000|100%| S|CS|TAMS 0x0000000084e00000| PB 0x0000000084e00000| Complete 
|  45|0x0000000084f00000, 0x0000000084f00000, 0x0000000085000000|  0%| F|  |TAMS 0x0000000084f00000| PB 0x0000000084f00000| Untracked 
|  47|0x0000000085100000, 0x0000000085100000, 0x0000000085200000|  0%| F|  |TAMS 0x0000000085100000| PB 0x0000000085100000| Untracked 
|  48|0x0000000085200000, 0x000000008527cd48, 0x0000000085300000| 48%| E|  |TAMS 0x0000000085200000| PB 0x0000000085200000| Complete 
|  49|0x0000000085300000, 0x0000000085400000, 0x0000000085400000|100%| E|CS|TAMS 0x0000000085300000| PB 0x0000000085300000| Complete 
|  50|0x0000000085400000, 0x0000000085500000, 0x0000000085500000|100%| E|CS|TAMS 0x0000000085400000| PB 0x0000000085400000| Complete 
|  51|0x0000000085500000, 0x0000000085600000, 0x0000000085600000|100%| E|CS|TAMS 0x0000000085500000| PB 0x0000000085500000| Complete 
|  52|0x0000000085600000, 0x0000000085700000, 0x0000000085700000|100%| E|CS|TAMS 0x0000000085600000| PB 0x0000000085600000| Complete 
|  53|0x0000000085700000, 0x0000000085800000, 0x0000000085800000|100%| E|CS|TAMS 0x0000000085700000| PB 0x0000000085700000| Complete 
|  54|0x0000000085800000, 0x0000000085900000, 0x0000000085900000|100%| E|CS|TAMS 0x0000000085800000| PB 0x0000000085800000| Complete 
|  55|0x0000000085900000, 0x0000000085a00000, 0x0000000085a00000|100%| E|CS|TAMS 0x0000000085900000| PB 0x0000000085900000| Complete 
|  56|0x0000000085a00000, 0x0000000085b00000, 0x0000000085b00000|100%| E|CS|TAMS 0x0000000085a00000| PB 0x0000000085a00000| Complete 
| 125|0x0000000089f00000, 0x000000008a000000, 0x000000008a000000|100%| E|CS|TAMS 0x0000000089f00000| PB 0x0000000089f00000| Complete 

Card table byte_map: [0x0000025f636b0000,0x0000025f63aa0000] _byte_map_base: 0x0000025f6329f000

Marking Bits: (CMBitMap*) 0x0000025f4beb4dc0
 Bits: [0x0000025f63aa0000, 0x0000025f65a18000)

Polling page: 0x0000025f4b630000

Metaspace:

Usage:
  Non-class:     18.73 MB used.
      Class:      3.12 MB used.
       Both:     21.85 MB used.

Virtual space:
  Non-class space:       64.00 MB reserved,      18.94 MB ( 30%) committed,  1 nodes.
      Class space:        1.00 GB reserved,       3.25 MB ( <1%) committed,  1 nodes.
             Both:        1.06 GB reserved,      22.19 MB (  2%) committed. 

Chunk freelists:
   Non-Class:  13.09 MB
       Class:  12.63 MB
        Both:  25.72 MB

MaxMetaspaceSize: unlimited
CompressedClassSpaceSize: 1.00 GB
Initial GC threshold: 21.00 MB
Current GC threshold: 35.25 MB
CDS: on
 - commit_granule_bytes: 65536.
 - commit_granule_words: 8192.
 - virtual_space_node_default_size: 8388608.
 - enlarge_chunks_in_place: 1.
 - use_allocation_guard: 0.


Internal statistics:

num_allocs_failed_limit: 3.
num_arena_births: 418.
num_arena_deaths: 0.
num_vsnodes_births: 2.
num_vsnodes_deaths: 0.
num_space_committed: 355.
num_space_uncommitted: 0.
num_chunks_returned_to_freelist: 3.
num_chunks_taken_from_freelist: 1150.
num_chunk_merges: 3.
num_chunk_splits: 803.
num_chunks_enlarged: 598.
num_inconsistent_stats: 0.

CodeHeap 'non-profiled nmethods': size=120000Kb used=2172Kb max_used=2172Kb free=117827Kb
 bounds [0x0000025f5bd90000, 0x0000025f5c000000, 0x0000025f632c0000]
CodeHeap 'profiled nmethods': size=120000Kb used=9598Kb max_used=9598Kb free=110402Kb
 bounds [0x0000025f542c0000, 0x0000025f54c20000, 0x0000025f5b7f0000]
CodeHeap 'non-nmethods': size=5760Kb used=1847Kb max_used=1940Kb free=3912Kb
 bounds [0x0000025f5b7f0000, 0x0000025f5ba60000, 0x0000025f5bd90000]
 total_blobs=5398 nmethods=4543 adapters=757
 compilation: enabled
              stopped_count=0, restarted_count=0
 full_count=0

Compilation events (20 events):
Event: 33.649 Thread 0x0000025f67ef66c0 nmethod 4529 0x0000025f54c0d510 code [0x0000025f54c0d7a0, 0x0000025f54c0dc50]
Event: 33.649 Thread 0x0000025f67ef66c0 4531       3       com.sun.marlin.Renderer::curveBreakIntoLinesAndAdd (485 bytes)
Event: 33.650 Thread 0x0000025f67ef66c0 nmethod 4531 0x0000025f54c0e010 code [0x0000025f54c0e3a0, 0x0000025f54c0eb38]
Event: 33.650 Thread 0x0000025f67ef66c0 4533       3       com.sun.javafx.image.impl.BaseByteToByteConverter$ByteAnyToSameConverter::doConvert (39 bytes)
Event: 33.650 Thread 0x0000025f67ef66c0 nmethod 4533 0x0000025f54c0ef10 code [0x0000025f54c0f0c0, 0x0000025f54c0f3a8]
Event: 33.650 Thread 0x0000025f67ef66c0 4532       3       com.sun.javafx.geom.Path2D$Iterator::isDone (20 bytes)
Event: 33.651 Thread 0x0000025f67ef66c0 nmethod 4532 0x0000025f54c0f510 code [0x0000025f54c0f6c0, 0x0000025f54c0f838]
Event: 33.651 Thread 0x0000025f67ef66c0 4530       3       com.sun.marlin.Curve::set (153 bytes)
Event: 33.651 Thread 0x0000025f67ef66c0 nmethod 4530 0x0000025f54c0f910 code [0x0000025f54c0fb20, 0x0000025f54c0fcd0]
Event: 33.657 Thread 0x0000025f67ef66c0 4534       3       com.sun.scenario.animation.AbstractPrimaryTimer$MainLoop::run (61 bytes)
Event: 33.658 Thread 0x0000025f67ef66c0 nmethod 4534 0x0000025f54c0fd90 code [0x0000025f54c0ffc0, 0x0000025f54c105e0]
Event: 33.658 Thread 0x0000025f67ef66c0 4535       3       com.sun.javafx.tk.quantum.PrimaryTimer::recordStart (8 bytes)
Event: 33.658 Thread 0x0000025f67ef66c0 nmethod 4535 0x0000025f54c10890 code [0x0000025f54c10a40, 0x0000025f54c10bf8]
Event: 33.659 Thread 0x0000025f67ef66c0 4536       3       com.sun.scenario.animation.AnimationPulse::recordStart (27 bytes)
Event: 33.660 Thread 0x0000025f67ef66c0 nmethod 4536 0x0000025f54c10d10 code [0x0000025f54c10ee0, 0x0000025f54c111c8]
Event: 33.664 Thread 0x0000025f6cf57640 4520       4       com.sun.marlin.Renderer::_endRendering (2639 bytes)
Event: 33.691 Thread 0x0000025f67ef66c0 4537       3       java.util.Collection::stream (11 bytes)
Event: 33.691 Thread 0x0000025f67ef66c0 nmethod 4537 0x0000025f54c11310 code [0x0000025f54c114c0, 0x0000025f54c116c8]
Event: 33.766 Thread 0x0000025f67ef66c0 4538       3       com.sun.javafx.scene.EnteredExitedHandler::dispatchCapturingEvent (222 bytes)
Event: 33.767 Thread 0x0000025f67ef66c0 nmethod 4538 0x0000025f54c11790 code [0x0000025f54c11bc0, 0x0000025f54c14148]

GC Heap History (8 events):
Event: 0.630 GC heap before
{Heap before GC invocations=0 (full 0):
 garbage-first heap   total 129024K, used 12288K [0x0000000082200000, 0x0000000100000000)
  region size 1024K, 13 young (13312K), 0 survivors (0K)
 Metaspace       used 2211K, committed 2432K, reserved 1114112K
  class space    used 235K, committed 320K, reserved 1048576K
}
Event: 0.634 GC heap after
{Heap after GC invocations=1 (full 0):
 garbage-first heap   total 129024K, used 1629K [0x0000000082200000, 0x0000000100000000)
  region size 1024K, 2 young (2048K), 2 survivors (2048K)
 Metaspace       used 2211K, committed 2432K, reserved 1114112K
  class space    used 235K, committed 320K, reserved 1048576K
}
Event: 1.193 GC heap before
{Heap before GC invocations=1 (full 0):
 garbage-first heap   total 129024K, used 24157K [0x0000000082200000, 0x0000000100000000)
  region size 1024K, 25 young (25600K), 2 survivors (2048K)
 Metaspace       used 8380K, committed 8640K, reserved 1114112K
  class space    used 1103K, committed 1216K, reserved 1048576K
}
Event: 1.197 GC heap after
{Heap after GC invocations=2 (full 0):
 garbage-first heap   total 129024K, used 4697K [0x0000000082200000, 0x0000000100000000)
  region size 1024K, 4 young (4096K), 4 survivors (4096K)
 Metaspace       used 8380K, committed 8640K, reserved 1114112K
  class space    used 1103K, committed 1216K, reserved 1048576K
}
Event: 6.631 GC heap before
{Heap before GC invocations=2 (full 0):
 garbage-first heap   total 129024K, used 71257K [0x0000000082200000, 0x0000000100000000)
  region size 1024K, 69 young (70656K), 4 survivors (4096K)
 Metaspace       used 21224K, committed 21504K, reserved 1114112K
  class space    used 3123K, committed 3264K, reserved 1048576K
}
Event: 6.648 GC heap after
{Heap after GC invocations=3 (full 0):
 garbage-first heap   total 129024K, used 16235K [0x0000000082200000, 0x0000000100000000)
  region size 1024K, 10 young (10240K), 10 survivors (10240K)
 Metaspace       used 21224K, committed 21504K, reserved 1114112K
  class space    used 3123K, committed 3264K, reserved 1048576K
}
Event: 6.742 GC heap before
{Heap before GC invocations=4 (full 0):
 garbage-first heap   total 58368K, used 18283K [0x0000000082200000, 0x0000000100000000)
  region size 1024K, 12 young (12288K), 10 survivors (10240K)
 Metaspace       used 21235K, committed 21632K, reserved 1114112K
  class space    used 3123K, committed 3264K, reserved 1048576K
}
Event: 6.760 GC heap after
{Heap after GC invocations=5 (full 0):
 garbage-first heap   total 58368K, used 18074K [0x0000000082200000, 0x0000000100000000)
  region size 1024K, 2 young (2048K), 2 survivors (2048K)
 Metaspace       used 21235K, committed 21632K, reserved 1114112K
  class space    used 3123K, committed 3264K, reserved 1048576K
}

Dll operation events (20 events):
Event: 0.428 Loaded shared library C:\Users\Marcos\Downloads\openjfx-21.0.1_windows-x64_bin-sdk\javafx-sdk-21.0.1\bin\api-ms-win-crt-process-l1-1-0.dll
Event: 0.430 Loaded shared library C:\Users\Marcos\Downloads\openjfx-21.0.1_windows-x64_bin-sdk\javafx-sdk-21.0.1\bin\api-ms-win-crt-runtime-l1-1-0.dll
Event: 0.433 Loaded shared library C:\Users\Marcos\Downloads\openjfx-21.0.1_windows-x64_bin-sdk\javafx-sdk-21.0.1\bin\api-ms-win-crt-stdio-l1-1-0.dll
Event: 0.435 Loaded shared library C:\Users\Marcos\Downloads\openjfx-21.0.1_windows-x64_bin-sdk\javafx-sdk-21.0.1\bin\api-ms-win-crt-string-l1-1-0.dll
Event: 0.439 Loaded shared library C:\Users\Marcos\Downloads\openjfx-21.0.1_windows-x64_bin-sdk\javafx-sdk-21.0.1\bin\api-ms-win-crt-time-l1-1-0.dll
Event: 0.441 Loaded shared library C:\Users\Marcos\Downloads\openjfx-21.0.1_windows-x64_bin-sdk\javafx-sdk-21.0.1\bin\api-ms-win-crt-utility-l1-1-0.dll
Event: 0.445 Loaded shared library C:\Users\Marcos\Downloads\openjfx-21.0.1_windows-x64_bin-sdk\javafx-sdk-21.0.1\bin\ucrtbase.dll
Event: 0.447 Loaded shared library C:\Users\Marcos\Downloads\openjfx-21.0.1_windows-x64_bin-sdk\javafx-sdk-21.0.1\bin\vcruntime140.dll
Event: 0.449 Loaded shared library C:\Users\Marcos\Downloads\openjfx-21.0.1_windows-x64_bin-sdk\javafx-sdk-21.0.1\bin\vcruntime140_1.dll
Event: 0.455 Loaded shared library C:\Users\Marcos\Downloads\openjfx-21.0.1_windows-x64_bin-sdk\javafx-sdk-21.0.1\bin\msvcp140.dll
Event: 0.457 Loaded shared library C:\Users\Marcos\Downloads\openjfx-21.0.1_windows-x64_bin-sdk\javafx-sdk-21.0.1\bin\msvcp140_1.dll
Event: 0.461 Loaded shared library C:\Users\Marcos\Downloads\openjfx-21.0.1_windows-x64_bin-sdk\javafx-sdk-21.0.1\bin\msvcp140_2.dll
Event: 0.524 Loaded shared library C:\Users\Marcos\Downloads\openjfx-21.0.1_windows-x64_bin-sdk\javafx-sdk-21.0.1\bin\prism_d3d.dll
Event: 0.662 Loaded shared library C:\Users\Marcos\Downloads\openjfx-21.0.1_windows-x64_bin-sdk\javafx-sdk-21.0.1\bin\glass.dll
Event: 0.888 Loaded shared library C:\Program Files\Java\jdk-21\bin\jimage.dll
Event: 1.059 Loaded shared library C:\Users\Marcos\Downloads\openjfx-21.0.1_windows-x64_bin-sdk\javafx-sdk-21.0.1\bin\javafx_font.dll
Event: 3.603 Loaded shared library C:\Program Files\Java\jdk-21\bin\extnet.dll
Event: 3.617 Loaded shared library C:\Program Files\Java\jdk-21\bin\management.dll
Event: 3.621 Loaded shared library C:\Program Files\Java\jdk-21\bin\management_ext.dll
Event: 3.784 Loaded shared library C:\Program Files\Java\jdk-21\bin\sunmscapi.dll

Deoptimization events (20 events):
Event: 33.613 Thread 0x0000025f6d547740 Uncommon trap: trap_request=0xffffffbe fr.pc=0x0000025f5bf95ac4 relative=0x00000000000070e4
Event: 33.613 Thread 0x0000025f6d547740 Uncommon trap: reason=profile_predicate action=maybe_recompile pc=0x0000025f5bf95ac4 method=javafx.scene.CssStyleHelper.transitionToState(Ljavafx/scene/Node;)V @ 291 c2
Event: 33.613 Thread 0x0000025f6d547740 DEOPT PACKING pc=0x0000025f5bf95ac4 sp=0x000000bb998fdf50
Event: 33.613 Thread 0x0000025f6d547740 DEOPT UNPACKING pc=0x0000025f5b8446a2 sp=0x000000bb998fdef8 mode 2
Event: 33.613 Thread 0x0000025f6d547740 Uncommon trap: trap_request=0xffffffbe fr.pc=0x0000025f5bf95ac4 relative=0x00000000000070e4
Event: 33.613 Thread 0x0000025f6d547740 Uncommon trap: reason=profile_predicate action=maybe_recompile pc=0x0000025f5bf95ac4 method=javafx.scene.CssStyleHelper.transitionToState(Ljavafx/scene/Node;)V @ 291 c2
Event: 33.613 Thread 0x0000025f6d547740 DEOPT PACKING pc=0x0000025f5bf95ac4 sp=0x000000bb998fdae0
Event: 33.613 Thread 0x0000025f6d547740 DEOPT UNPACKING pc=0x0000025f5b8446a2 sp=0x000000bb998fda88 mode 2
Event: 33.613 Thread 0x0000025f6d547740 Uncommon trap: trap_request=0xffffffbe fr.pc=0x0000025f5bf95ac4 relative=0x00000000000070e4
Event: 33.613 Thread 0x0000025f6d547740 Uncommon trap: reason=profile_predicate action=maybe_recompile pc=0x0000025f5bf95ac4 method=javafx.scene.CssStyleHelper.transitionToState(Ljavafx/scene/Node;)V @ 291 c2
Event: 33.613 Thread 0x0000025f6d547740 DEOPT PACKING pc=0x0000025f5bf95ac4 sp=0x000000bb998fdae0
Event: 33.613 Thread 0x0000025f6d547740 DEOPT UNPACKING pc=0x0000025f5b8446a2 sp=0x000000bb998fda88 mode 2
Event: 33.613 Thread 0x0000025f6d547740 Uncommon trap: trap_request=0xffffffbe fr.pc=0x0000025f5bf95ac4 relative=0x00000000000070e4
Event: 33.614 Thread 0x0000025f6d547740 Uncommon trap: reason=profile_predicate action=maybe_recompile pc=0x0000025f5bf95ac4 method=javafx.scene.CssStyleHelper.transitionToState(Ljavafx/scene/Node;)V @ 291 c2
Event: 33.614 Thread 0x0000025f6d547740 DEOPT PACKING pc=0x0000025f5bf95ac4 sp=0x000000bb998fdae0
Event: 33.614 Thread 0x0000025f6d547740 DEOPT UNPACKING pc=0x0000025f5b8446a2 sp=0x000000bb998fda88 mode 2
Event: 33.633 Thread 0x0000025f6d595820 DEOPT PACKING pc=0x0000025f54b70f19 sp=0x000000bb994fc850
Event: 33.633 Thread 0x0000025f6d595820 DEOPT UNPACKING pc=0x0000025f5b844e42 sp=0x000000bb994fbca0 mode 0
Event: 33.649 Thread 0x0000025f6d595820 DEOPT PACKING pc=0x0000025f54b70cd8 sp=0x000000bb994fbb90
Event: 33.649 Thread 0x0000025f6d595820 DEOPT UNPACKING pc=0x0000025f5b844e42 sp=0x000000bb994fafe0 mode 0

Classes loaded (20 events):
Event: 7.942 Loading class java/util/stream/ReferencePipeline$StatefulOp done
Event: 7.942 Loading class java/util/stream/DistinctOps$1 done
Event: 7.946 Loading class java/util/stream/ReferencePipeline$15
Event: 7.946 Loading class java/util/stream/ReferencePipeline$15 done
Event: 7.946 Loading class java/util/stream/ReferencePipeline$15$1
Event: 7.947 Loading class java/util/stream/ReferencePipeline$15$1 done
Event: 7.947 Loading class java/util/stream/IntPipeline$1$1
Event: 7.947 Loading class java/util/stream/IntPipeline$1$1 done
Event: 7.947 Loading class java/util/stream/ReferencePipeline$4$1
Event: 7.948 Loading class java/util/stream/ReferencePipeline$4$1 done
Event: 7.948 Loading class java/util/stream/DistinctOps$1$2
Event: 7.948 Loading class java/util/stream/DistinctOps$1$2 done
Event: 7.949 Loading class java/util/stream/IntPipeline$11
Event: 7.950 Loading class java/util/stream/IntPipeline$11 done
Event: 7.950 Loading class java/util/stream/IntPipeline$11$1
Event: 7.950 Loading class java/util/stream/IntPipeline$11$1 done
Event: 8.194 Loading class java/lang/Throwable$WrappedPrintStream
Event: 8.195 Loading class java/lang/Throwable$PrintStreamOrWriter
Event: 8.195 Loading class java/lang/Throwable$PrintStreamOrWriter done
Event: 8.195 Loading class java/lang/Throwable$WrappedPrintStream done

Classes unloaded (0 events):
No events

Classes redefined (0 events):
No events

Internal exceptions (20 events):
Event: 3.540 Thread 0x0000025f6d547740 Exception <a 'java/lang/NoSuchMethodError'{0x0000000087f378c8}: 'java.lang.Object java.lang.invoke.DirectMethodHandle$Holder.invokeStatic(java.lang.Object, java.lang.Object, int)'> (0x0000000087f378c8) 
thrown [s\open\src\hotspot\share\interpreter\linkResolver.cpp, line 773]
Event: 3.541 Thread 0x0000025f6d547740 Exception <a 'java/lang/NoSuchMethodError'{0x0000000087f3b750}: 'void java.lang.invoke.DirectMethodHandle$Holder.invokeStatic(java.lang.Object, java.lang.Object, int, java.lang.Object)'> (0x0000000087f3b750) 
thrown [s\open\src\hotspot\share\interpreter\linkResolver.cpp, line 773]
Event: 3.541 Thread 0x0000025f6d547740 Exception <a 'java/lang/NoSuchMethodError'{0x0000000087f42470}: 'void java.lang.invoke.DelegatingMethodHandle$Holder.delegate(java.lang.Object, java.lang.Object, int, java.lang.Object)'> (0x0000000087f42470) 
thrown [s\open\src\hotspot\share\interpreter\linkResolver.cpp, line 773]
Event: 3.549 Thread 0x0000025f6d547740 Exception <a 'java/lang/NoSuchMethodError'{0x0000000087f6f080}: 'java.lang.Object java.lang.invoke.DirectMethodHandle$Holder.invokeVirtual(java.lang.Object, java.lang.Object, java.lang.Object, java.lang.Object)'> (0x0000000087f6f080) 
thrown [s\open\src\hotspot\share\interpreter\linkResolver.cpp, line 773]
Event: 3.561 Thread 0x0000025f6d547740 Exception <a 'java/lang/NoSuchMethodError'{0x0000000087e2a670}: 'int java.lang.invoke.DirectMethodHandle$Holder.invokeStaticInit(java.lang.Object, java.lang.Object, java.lang.Object, java.lang.Object)'> (0x0000000087e2a670) 
thrown [s\open\src\hotspot\share\interpreter\linkResolver.cpp, line 773]
Event: 3.561 Thread 0x0000025f6d547740 Exception <a 'java/lang/NoSuchMethodError'{0x0000000087e32e78}: 'java.lang.Object java.lang.invoke.DirectMethodHandle$Holder.invokeInterface(java.lang.Object, java.lang.Object)'> (0x0000000087e32e78) 
thrown [s\open\src\hotspot\share\interpreter\linkResolver.cpp, line 773]
Event: 3.561 Thread 0x0000025f6d547740 Exception <a 'java/lang/IncompatibleClassChangeError'{0x0000000087e36640}: Found class java.lang.Object, but interface was expected> (0x0000000087e36640) 
thrown [s\open\src\hotspot\share\interpreter\linkResolver.cpp, line 840]
Event: 3.733 Thread 0x0000025f6d547740 Exception <a 'java/lang/NoSuchMethodError'{0x0000000087c35800}: 'java.lang.Object java.lang.invoke.DirectMethodHandle$Holder.invokeStaticInit(java.lang.Object, int, int, int, int)'> (0x0000000087c35800) 
thrown [s\open\src\hotspot\share\interpreter\linkResolver.cpp, line 773]
Event: 3.751 Thread 0x0000025f6d547740 Exception <a 'java/lang/NoSuchMethodError'{0x0000000087c68ae8}: 'java.lang.Object java.lang.invoke.DirectMethodHandle$Holder.invokeStaticInit(java.lang.Object, java.lang.Object, int, int, int, int)'> (0x0000000087c68ae8) 
thrown [s\open\src\hotspot\share\interpreter\linkResolver.cpp, line 773]
Event: 3.806 Thread 0x0000025f6d547740 Exception <a 'sun/nio/fs/WindowsException'{0x0000000087bf4da8}> (0x0000000087bf4da8) 
thrown [s\open\src\hotspot\share\prims\jni.cpp, line 520]
Event: 3.866 Thread 0x0000025f6d547740 Exception <a 'java/lang/NoSuchMethodError'{0x0000000087a3f2f8}: 'void java.lang.invoke.DirectMethodHandle$Holder.invokeVirtual(java.lang.Object, java.lang.Object)'> (0x0000000087a3f2f8) 
thrown [s\open\src\hotspot\share\interpreter\linkResolver.cpp, line 773]
Event: 3.867 Thread 0x0000025f6d547740 Implicit null exception at 0x0000025f5be6bc87 to 0x0000025f5be6c54c
Event: 3.954 Thread 0x0000025f6d547740 Exception <a 'java/lang/NoSuchMethodError'{0x00000000878a02c0}: 'java.lang.Object java.lang.invoke.DirectMethodHandle$Holder.invokeStaticInit(java.lang.Object, java.lang.Object, java.lang.Object)'> (0x00000000878a02c0) 
thrown [s\open\src\hotspot\share\interpreter\linkResolver.cpp, line 773]
Event: 4.021 Thread 0x0000025f6d547740 Implicit null exception at 0x0000025f5be6d588 to 0x0000025f5be6de0c
Event: 5.772 Thread 0x0000025f6d547740 Implicit null exception at 0x0000025f5be80dd2 to 0x0000025f5be8885c
Event: 6.354 Thread 0x0000025f6d547740 Exception <a 'java/lang/NoSuchMethodError'{0x00000000866c6018}: 'int java.lang.invoke.DirectMethodHandle$Holder.invokeVirtual(java.lang.Object, java.lang.Object)'> (0x00000000866c6018) 
thrown [s\open\src\hotspot\share\interpreter\linkResolver.cpp, line 773]
Event: 6.355 Thread 0x0000025f6d547740 Exception <a 'java/lang/NoSuchMethodError'{0x00000000866d2258}: 'float java.lang.invoke.DirectMethodHandle$Holder.invokeVirtual(java.lang.Object, java.lang.Object)'> (0x00000000866d2258) 
thrown [s\open\src\hotspot\share\interpreter\linkResolver.cpp, line 773]
Event: 6.355 Thread 0x0000025f6d547740 Exception <a 'java/lang/NoSuchMethodError'{0x00000000866d9c00}: 'float java.lang.invoke.DelegatingMethodHandle$Holder.reinvoke_L(java.lang.Object, java.lang.Object)'> (0x00000000866d9c00) 
thrown [s\open\src\hotspot\share\interpreter\linkResolver.cpp, line 773]
Event: 6.956 Thread 0x0000025f6d595820 Exception <a 'java/lang/NoSuchMethodError'{0x0000000085865610}: 'java.lang.Object java.lang.invoke.DirectMethodHandle$Holder.invokeStaticInit(java.lang.Object, int)'> (0x0000000085865610) 
thrown [s\open\src\hotspot\share\interpreter\linkResolver.cpp, line 773]
Event: 7.944 Thread 0x0000025f6d547740 Exception <a 'java/lang/NoSuchMethodError'{0x00000000857775c0}: 'void java.lang.invoke.DirectMethodHandle$Holder.invokeVirtual(java.lang.Object, java.lang.Object, int)'> (0x00000000857775c0) 
thrown [s\open\src\hotspot\share\interpreter\linkResolver.cpp, line 773]

ZGC Phase Switch (0 events):
No events

VM Operations (20 events):
Event: 6.661 Executing VM operation: G1PauseRemark
Event: 6.663 Executing VM operation: G1PauseRemark done
Event: 6.664 Executing VM operation: G1PauseCleanup
Event: 6.670 Executing VM operation: G1PauseCleanup done
Event: 6.742 Executing VM operation: G1CollectForAllocation (G1 Evacuation Pause)
Event: 6.761 Executing VM operation: G1CollectForAllocation (G1 Evacuation Pause) done
Event: 6.934 Executing VM operation: HandshakeAllThreads (Deoptimize)
Event: 6.934 Executing VM operation: HandshakeAllThreads (Deoptimize) done
Event: 7.934 Executing VM operation: Cleanup
Event: 7.939 Executing VM operation: Cleanup done
Event: 7.943 Executing VM operation: HandshakeAllThreads (Deoptimize)
Event: 7.943 Executing VM operation: HandshakeAllThreads (Deoptimize) done
Event: 7.956 Executing VM operation: HandshakeAllThreads (Deoptimize)
Event: 7.956 Executing VM operation: HandshakeAllThreads (Deoptimize) done
Event: 8.193 Executing VM operation: ICBufferFull
Event: 8.193 Executing VM operation: ICBufferFull done
Event: 10.193 Executing VM operation: Cleanup
Event: 10.193 Executing VM operation: Cleanup done
Event: 11.193 Executing VM operation: Cleanup
Event: 11.193 Executing VM operation: Cleanup done

Events (20 events):
Event: 0.500 Thread 0x0000025f6d595820 Thread added: 0x0000025f6d595820
Event: 0.640 Thread 0x0000025f6c1d4fa0 Thread exited: 0x0000025f6c1d4fa0
Event: 0.665 Thread 0x0000025f6c219bb0 Thread added: 0x0000025f6c219bb0
Event: 0.668 Thread 0x0000025f6d547740 Thread added: 0x0000025f6d547740
Event: 0.862 Thread 0x0000025f6cf4f590 Thread added: 0x0000025f6cf4f590
Event: 0.873 Thread 0x0000025f6d19acb0 Thread added: 0x0000025f6d19acb0
Event: 1.080 Thread 0x0000025f6d1de6b0 Thread added: 0x0000025f6d1de6b0
Event: 1.386 Thread 0x0000025f6d6e61d0 Thread added: 0x0000025f6d6e61d0
Event: 1.678 Thread 0x0000025f6d746c70 Thread added: 0x0000025f6d746c70
Event: 1.865 Thread 0x0000025f6d1de6b0 Thread exited: 0x0000025f6d1de6b0
Event: 3.574 Thread 0x0000025f6d709b60 Thread added: 0x0000025f6d709b60
Event: 3.955 Thread 0x0000025f6d747300 Thread added: 0x0000025f6d747300
Event: 4.202 Thread 0x0000025f6d709b60 Thread exited: 0x0000025f6d709b60
Event: 5.784 Thread 0x0000025f6da5a450 Thread added: 0x0000025f6da5a450
Event: 7.257 Thread 0x0000025f6da5a450 Thread exited: 0x0000025f6da5a450
Event: 8.009 Thread 0x0000025f6c5d2ed0 Thread added: 0x0000025f6c5d2ed0
Event: 8.137 Thread 0x0000025f6c5d2ed0 Thread exited: 0x0000025f6c5d2ed0
Event: 10.429 Thread 0x0000025f6d94dfb0 Thread added: 0x0000025f6d94dfb0
Event: 11.051 Thread 0x0000025f6d94dfb0 Thread exited: 0x0000025f6d94dfb0
Event: 33.642 Thread 0x0000025f6cf57640 Thread added: 0x0000025f6cf57640


Dynamic libraries:
0x00007ff6c7ab0000 - 0x00007ff6c7ac0000 	C:\Program Files\Java\jdk-21\bin\java.exe
0x00007ffdf0e10000 - 0x00007ffdf1027000 	C:\Windows\SYSTEM32\ntdll.dll
0x00007ffdefd30000 - 0x00007ffdefdf4000 	C:\Windows\System32\KERNEL32.DLL
0x00007ffdee450000 - 0x00007ffdee7f6000 	C:\Windows\System32\KERNELBASE.dll
0x00007ffdee2c0000 - 0x00007ffdee3d1000 	C:\Windows\System32\ucrtbase.dll
0x00007ffdb6ff0000 - 0x00007ffdb7009000 	C:\Program Files\Java\jdk-21\bin\jli.dll
0x00007ffdb6fd0000 - 0x00007ffdb6feb000 	C:\Program Files\Java\jdk-21\bin\VCRUNTIME140.dll
0x00007ffdf0c70000 - 0x00007ffdf0d20000 	C:\Windows\System32\ADVAPI32.dll
0x00007ffdef480000 - 0x00007ffdef527000 	C:\Windows\System32\msvcrt.dll
0x00007ffdef530000 - 0x00007ffdef5d6000 	C:\Windows\System32\sechost.dll
0x00007ffdf0750000 - 0x00007ffdf0867000 	C:\Windows\System32\RPCRT4.dll
0x00007ffdefb70000 - 0x00007ffdefd1d000 	C:\Windows\System32\USER32.dll
0x00007ffdee9a0000 - 0x00007ffdee9c6000 	C:\Windows\System32\win32u.dll
0x00007ffdeeb40000 - 0x00007ffdeeb69000 	C:\Windows\System32\GDI32.dll
0x00007ffdee800000 - 0x00007ffdee918000 	C:\Windows\System32\gdi32full.dll
0x00007ffdee160000 - 0x00007ffdee1fa000 	C:\Windows\System32\msvcp_win.dll
0x00007ffddc4d0000 - 0x00007ffddc763000 	C:\Windows\WinSxS\amd64_microsoft.windows.common-controls_6595b64144ccf1df_6.0.22621.2361_none_2712ced57382f843\COMCTL32.dll
0x00007ffde5e50000 - 0x00007ffde5e5a000 	C:\Windows\SYSTEM32\VERSION.dll
0x00007ffdf0680000 - 0x00007ffdf06b1000 	C:\Windows\System32\IMM32.DLL
0x00007ffddbda0000 - 0x00007ffddbdac000 	C:\Program Files\Java\jdk-21\bin\vcruntime140_1.dll
0x00007ffd98dd0000 - 0x00007ffd98e5e000 	C:\Program Files\Java\jdk-21\bin\msvcp140.dll
0x00007ffd7e620000 - 0x00007ffd7f335000 	C:\Program Files\Java\jdk-21\bin\server\jvm.dll
0x00007ffdef5f0000 - 0x00007ffdef661000 	C:\Windows\System32\WS2_32.dll
0x00007ffdee030000 - 0x00007ffdee07d000 	C:\Windows\SYSTEM32\POWRPROF.dll
0x00007ffde5200000 - 0x00007ffde5234000 	C:\Windows\SYSTEM32\WINMM.dll
0x00007ffdee010000 - 0x00007ffdee023000 	C:\Windows\SYSTEM32\UMPDC.dll
0x00007ffded140000 - 0x00007ffded158000 	C:\Windows\SYSTEM32\kernel.appcore.dll
0x00007ffdd1870000 - 0x00007ffdd187a000 	C:\Program Files\Java\jdk-21\bin\jimage.dll
0x00007ffdeb9a0000 - 0x00007ffdebbce000 	C:\Windows\SYSTEM32\DBGHELP.DLL
0x00007ffdef770000 - 0x00007ffdefafa000 	C:\Windows\System32\combase.dll
0x00007ffdf0870000 - 0x00007ffdf0947000 	C:\Windows\System32\OLEAUT32.dll
0x00007ffdd4dc0000 - 0x00007ffdd4df2000 	C:\Windows\SYSTEM32\dbgcore.DLL
0x00007ffdee920000 - 0x00007ffdee99a000 	C:\Windows\System32\bcryptPrimitives.dll
0x00007ffdaee40000 - 0x00007ffdaee5f000 	C:\Program Files\Java\jdk-21\bin\java.dll
0x00007ffdeec20000 - 0x00007ffdef478000 	C:\Windows\System32\SHELL32.dll
0x00007ffdec0c0000 - 0x00007ffdec9b2000 	C:\Windows\SYSTEM32\windows.storage.dll
0x00007ffdebf80000 - 0x00007ffdec0be000 	C:\Windows\SYSTEM32\wintypes.dll
0x00007ffdf02a0000 - 0x00007ffdf0393000 	C:\Windows\System32\SHCORE.dll
0x00007ffdf03a0000 - 0x00007ffdf03fe000 	C:\Windows\System32\shlwapi.dll
0x00007ffdee090000 - 0x00007ffdee0b6000 	C:\Windows\SYSTEM32\profapi.dll
0x00007ffd97190000 - 0x00007ffd97267000 	C:\Program Files\Java\jdk-21\bin\jsvml.dll
0x00007ffdcac20000 - 0x00007ffdcac30000 	C:\Program Files\Java\jdk-21\bin\net.dll
0x00007ffde5430000 - 0x00007ffde5567000 	C:\Windows\SYSTEM32\WINHTTP.dll
0x00007ffded620000 - 0x00007ffded689000 	C:\Windows\system32\mswsock.dll
0x00007ffd98db0000 - 0x00007ffd98dc6000 	C:\Program Files\Java\jdk-21\bin\nio.dll
0x00007ffd98d90000 - 0x00007ffd98da8000 	C:\Program Files\Java\jdk-21\bin\zip.dll
0x0000025f4bdf0000 - 0x0000025f4bdf3000 	C:\Users\Marcos\Downloads\openjfx-21.0.1_windows-x64_bin-sdk\javafx-sdk-21.0.1\bin\api-ms-win-core-console-l1-1-0.dll
0x0000025f4be00000 - 0x0000025f4be03000 	C:\Users\Marcos\Downloads\openjfx-21.0.1_windows-x64_bin-sdk\javafx-sdk-21.0.1\bin\api-ms-win-core-console-l1-2-0.dll
0x0000025f4be10000 - 0x0000025f4be13000 	C:\Users\Marcos\Downloads\openjfx-21.0.1_windows-x64_bin-sdk\javafx-sdk-21.0.1\bin\api-ms-win-core-datetime-l1-1-0.dll
0x0000025f4be20000 - 0x0000025f4be23000 	C:\Users\Marcos\Downloads\openjfx-21.0.1_windows-x64_bin-sdk\javafx-sdk-21.0.1\bin\api-ms-win-core-debug-l1-1-0.dll
0x0000025f67f60000 - 0x0000025f67f63000 	C:\Users\Marcos\Downloads\openjfx-21.0.1_windows-x64_bin-sdk\javafx-sdk-21.0.1\bin\api-ms-win-core-errorhandling-l1-1-0.dll
0x0000025f67f70000 - 0x0000025f67f74000 	C:\Users\Marcos\Downloads\openjfx-21.0.1_windows-x64_bin-sdk\javafx-sdk-21.0.1\bin\api-ms-win-core-file-l1-1-0.dll
0x0000025f67f80000 - 0x0000025f67f83000 	C:\Users\Marcos\Downloads\openjfx-21.0.1_windows-x64_bin-sdk\javafx-sdk-21.0.1\bin\api-ms-win-core-file-l1-2-0.dll
0x0000025f67f90000 - 0x0000025f67f93000 	C:\Users\Marcos\Downloads\openjfx-21.0.1_windows-x64_bin-sdk\javafx-sdk-21.0.1\bin\api-ms-win-core-file-l2-1-0.dll
0x0000025f67fa0000 - 0x0000025f67fa3000 	C:\Users\Marcos\Downloads\openjfx-21.0.1_windows-x64_bin-sdk\javafx-sdk-21.0.1\bin\api-ms-win-core-handle-l1-1-0.dll
0x0000025f67fb0000 - 0x0000025f67fb3000 	C:\Users\Marcos\Downloads\openjfx-21.0.1_windows-x64_bin-sdk\javafx-sdk-21.0.1\bin\api-ms-win-core-heap-l1-1-0.dll
0x0000025f67fc0000 - 0x0000025f67fc3000 	C:\Users\Marcos\Downloads\openjfx-21.0.1_windows-x64_bin-sdk\javafx-sdk-21.0.1\bin\api-ms-win-core-interlocked-l1-1-0.dll
0x0000025f67fd0000 - 0x0000025f67fd3000 	C:\Users\Marcos\Downloads\openjfx-21.0.1_windows-x64_bin-sdk\javafx-sdk-21.0.1\bin\api-ms-win-core-libraryloader-l1-1-0.dll
0x0000025f67fe0000 - 0x0000025f67fe3000 	C:\Users\Marcos\Downloads\openjfx-21.0.1_windows-x64_bin-sdk\javafx-sdk-21.0.1\bin\api-ms-win-core-localization-l1-2-0.dll
0x0000025f67ff0000 - 0x0000025f67ff3000 	C:\Users\Marcos\Downloads\openjfx-21.0.1_windows-x64_bin-sdk\javafx-sdk-21.0.1\bin\api-ms-win-core-memory-l1-1-0.dll
0x0000025f6dcf0000 - 0x0000025f6dcf3000 	C:\Users\Marcos\Downloads\openjfx-21.0.1_windows-x64_bin-sdk\javafx-sdk-21.0.1\bin\api-ms-win-core-namedpipe-l1-1-0.dll
0x0000025f6dd00000 - 0x0000025f6dd03000 	C:\Users\Marcos\Downloads\openjfx-21.0.1_windows-x64_bin-sdk\javafx-sdk-21.0.1\bin\api-ms-win-core-processenvironment-l1-1-0.dll
0x0000025f6dd10000 - 0x0000025f6dd13000 	C:\Users\Marcos\Downloads\openjfx-21.0.1_windows-x64_bin-sdk\javafx-sdk-21.0.1\bin\api-ms-win-core-processthreads-l1-1-0.dll
0x0000025f6dd20000 - 0x0000025f6dd23000 	C:\Users\Marcos\Downloads\openjfx-21.0.1_windows-x64_bin-sdk\javafx-sdk-21.0.1\bin\api-ms-win-core-processthreads-l1-1-1.dll
0x0000025f6dd30000 - 0x0000025f6dd33000 	C:\Users\Marcos\Downloads\openjfx-21.0.1_windows-x64_bin-sdk\javafx-sdk-21.0.1\bin\api-ms-win-core-profile-l1-1-0.dll
0x0000025f6dd40000 - 0x0000025f6dd43000 	C:\Users\Marcos\Downloads\openjfx-21.0.1_windows-x64_bin-sdk\javafx-sdk-21.0.1\bin\api-ms-win-core-rtlsupport-l1-1-0.dll
0x0000025f6dd50000 - 0x0000025f6dd53000 	C:\Users\Marcos\Downloads\openjfx-21.0.1_windows-x64_bin-sdk\javafx-sdk-21.0.1\bin\api-ms-win-core-string-l1-1-0.dll
0x0000025f6dd60000 - 0x0000025f6dd63000 	C:\Users\Marcos\Downloads\openjfx-21.0.1_windows-x64_bin-sdk\javafx-sdk-21.0.1\bin\api-ms-win-core-synch-l1-1-0.dll
0x0000025f6dd70000 - 0x0000025f6dd73000 	C:\Users\Marcos\Downloads\openjfx-21.0.1_windows-x64_bin-sdk\javafx-sdk-21.0.1\bin\api-ms-win-core-synch-l1-2-0.dll
0x0000025f6dd80000 - 0x0000025f6dd83000 	C:\Users\Marcos\Downloads\openjfx-21.0.1_windows-x64_bin-sdk\javafx-sdk-21.0.1\bin\api-ms-win-core-sysinfo-l1-1-0.dll
0x0000025f6dd90000 - 0x0000025f6dd93000 	C:\Users\Marcos\Downloads\openjfx-21.0.1_windows-x64_bin-sdk\javafx-sdk-21.0.1\bin\api-ms-win-core-timezone-l1-1-0.dll
0x0000025f6e0e0000 - 0x0000025f6e0e3000 	C:\Users\Marcos\Downloads\openjfx-21.0.1_windows-x64_bin-sdk\javafx-sdk-21.0.1\bin\api-ms-win-core-util-l1-1-0.dll
0x0000025f6e0f0000 - 0x0000025f6e0f3000 	C:\Users\Marcos\Downloads\openjfx-21.0.1_windows-x64_bin-sdk\javafx-sdk-21.0.1\bin\api-ms-win-crt-conio-l1-1-0.dll
0x0000025f6e100000 - 0x0000025f6e104000 	C:\Users\Marcos\Downloads\openjfx-21.0.1_windows-x64_bin-sdk\javafx-sdk-21.0.1\bin\api-ms-win-crt-convert-l1-1-0.dll
0x0000025f6e110000 - 0x0000025f6e113000 	C:\Users\Marcos\Downloads\openjfx-21.0.1_windows-x64_bin-sdk\javafx-sdk-21.0.1\bin\api-ms-win-crt-environment-l1-1-0.dll
0x0000025f6dda0000 - 0x0000025f6dda3000 	C:\Users\Marcos\Downloads\openjfx-21.0.1_windows-x64_bin-sdk\javafx-sdk-21.0.1\bin\api-ms-win-crt-filesystem-l1-1-0.dll
0x0000025f6ddb0000 - 0x0000025f6ddb3000 	C:\Users\Marcos\Downloads\openjfx-21.0.1_windows-x64_bin-sdk\javafx-sdk-21.0.1\bin\api-ms-win-crt-heap-l1-1-0.dll
0x0000025f6ddc0000 - 0x0000025f6ddc3000 	C:\Users\Marcos\Downloads\openjfx-21.0.1_windows-x64_bin-sdk\javafx-sdk-21.0.1\bin\api-ms-win-crt-locale-l1-1-0.dll
0x0000025f6ddd0000 - 0x0000025f6ddd5000 	C:\Users\Marcos\Downloads\openjfx-21.0.1_windows-x64_bin-sdk\javafx-sdk-21.0.1\bin\api-ms-win-crt-math-l1-1-0.dll
0x0000025f6dde0000 - 0x0000025f6dde5000 	C:\Users\Marcos\Downloads\openjfx-21.0.1_windows-x64_bin-sdk\javafx-sdk-21.0.1\bin\api-ms-win-crt-multibyte-l1-1-0.dll
0x0000025f6ddf0000 - 0x0000025f6de00000 	C:\Users\Marcos\Downloads\openjfx-21.0.1_windows-x64_bin-sdk\javafx-sdk-21.0.1\bin\api-ms-win-crt-private-l1-1-0.dll
0x0000025f6de00000 - 0x0000025f6de03000 	C:\Users\Marcos\Downloads\openjfx-21.0.1_windows-x64_bin-sdk\javafx-sdk-21.0.1\bin\api-ms-win-crt-process-l1-1-0.dll
0x0000025f6de10000 - 0x0000025f6de14000 	C:\Users\Marcos\Downloads\openjfx-21.0.1_windows-x64_bin-sdk\javafx-sdk-21.0.1\bin\api-ms-win-crt-runtime-l1-1-0.dll
0x0000025f6de20000 - 0x0000025f6de24000 	C:\Users\Marcos\Downloads\openjfx-21.0.1_windows-x64_bin-sdk\javafx-sdk-21.0.1\bin\api-ms-win-crt-stdio-l1-1-0.dll
0x0000025f6de30000 - 0x0000025f6de34000 	C:\Users\Marcos\Downloads\openjfx-21.0.1_windows-x64_bin-sdk\javafx-sdk-21.0.1\bin\api-ms-win-crt-string-l1-1-0.dll
0x0000025f6de40000 - 0x0000025f6de43000 	C:\Users\Marcos\Downloads\openjfx-21.0.1_windows-x64_bin-sdk\javafx-sdk-21.0.1\bin\api-ms-win-crt-time-l1-1-0.dll
0x0000025f6de50000 - 0x0000025f6de53000 	C:\Users\Marcos\Downloads\openjfx-21.0.1_windows-x64_bin-sdk\javafx-sdk-21.0.1\bin\api-ms-win-crt-utility-l1-1-0.dll
0x00007ffd97090000 - 0x00007ffd9718c000 	C:\Users\Marcos\Downloads\openjfx-21.0.1_windows-x64_bin-sdk\javafx-sdk-21.0.1\bin\ucrtbase.dll
0x00007ffdc4930000 - 0x00007ffdc494b000 	C:\Users\Marcos\Downloads\openjfx-21.0.1_windows-x64_bin-sdk\javafx-sdk-21.0.1\bin\vcruntime140.dll
0x00007ffde6240000 - 0x00007ffde624c000 	C:\Users\Marcos\Downloads\openjfx-21.0.1_windows-x64_bin-sdk\javafx-sdk-21.0.1\bin\vcruntime140_1.dll
0x00007ffdba120000 - 0x00007ffdba1ae000 	C:\Users\Marcos\Downloads\openjfx-21.0.1_windows-x64_bin-sdk\javafx-sdk-21.0.1\bin\msvcp140.dll
0x00007ffdf04e0000 - 0x00007ffdf067f000 	C:\Windows\System32\ole32.dll
0x00007ffdcacd0000 - 0x00007ffdcacd9000 	C:\Users\Marcos\Downloads\openjfx-21.0.1_windows-x64_bin-sdk\javafx-sdk-21.0.1\bin\msvcp140_1.dll
0x00007ffd98d60000 - 0x00007ffd98d8f000 	C:\Users\Marcos\Downloads\openjfx-21.0.1_windows-x64_bin-sdk\javafx-sdk-21.0.1\bin\msvcp140_2.dll
0x00007ffd98d30000 - 0x00007ffd98d5f000 	C:\Users\Marcos\Downloads\openjfx-21.0.1_windows-x64_bin-sdk\javafx-sdk-21.0.1\bin\prism_d3d.dll
0x00007ffd96ee0000 - 0x00007ffd97089000 	C:\Windows\system32\d3d9.dll
0x00007ffdeab60000 - 0x00007ffdeab8b000 	C:\Windows\SYSTEM32\dwmapi.dll
0x00007ffdeae70000 - 0x00007ffdeaea6000 	C:\Windows\SYSTEM32\dxcore.dll
0x00007ffdea6b0000 - 0x00007ffdea75b000 	C:\Windows\system32\uxtheme.dll
0x00007ffd78d50000 - 0x00007ffd78eb5000 	C:\Windows\System32\DriverStore\FileRepository\iigd_dch.inf_amd64_ec78d1ea5d5881eb\igdumdim64.dll
0x00007ffd5f840000 - 0x00007ffd64181000 	C:\Windows\System32\DriverStore\FileRepository\iigd_dch.inf_amd64_ec78d1ea5d5881eb\igd9dxva64.dll
0x00007ffdefe00000 - 0x00007ffdf0274000 	C:\Windows\System32\SETUPAPI.dll
0x00007ffdedd60000 - 0x00007ffdeddae000 	C:\Windows\SYSTEM32\cfgmgr32.dll
0x00007ffde3f90000 - 0x00007ffde4258000 	C:\Windows\System32\DriverStore\FileRepository\iigd_dch.inf_amd64_ec78d1ea5d5881eb\igdgmm64.dll
0x00007ffde7c40000 - 0x00007ffde7c8a000 	C:\Windows\SYSTEM32\directxdatabasehelper.dll
0x00007ffd98ac0000 - 0x00007ffd98b02000 	C:\Users\Marcos\Downloads\openjfx-21.0.1_windows-x64_bin-sdk\javafx-sdk-21.0.1\bin\glass.dll
0x00007ffdef670000 - 0x00007ffdef769000 	C:\Windows\System32\COMDLG32.dll
0x00007ffdf0b10000 - 0x00007ffdf0c5c000 	C:\Windows\System32\MSCTF.dll
0x00007ffdd7160000 - 0x00007ffdd7187000 	C:\Windows\System32\DriverStore\FileRepository\iigd_dch.inf_amd64_ec78d1ea5d5881eb\igdinfo64.dll
0x00007ffdde900000 - 0x00007ffde14c7000 	C:\Windows\System32\DriverStore\FileRepository\iigd_dch.inf_amd64_ec78d1ea5d5881eb\igc64.dll
0x00007ffdba100000 - 0x00007ffdba114000 	C:\Users\Marcos\Downloads\openjfx-21.0.1_windows-x64_bin-sdk\javafx-sdk-21.0.1\bin\javafx_font.dll
0x00007ffdeb4a0000 - 0x00007ffdeb713000 	C:\Windows\SYSTEM32\dwrite.dll
0x00007ffdeeb70000 - 0x00007ffdeec20000 	C:\Windows\System32\clbcatq.dll
0x00007ffde99a0000 - 0x00007ffde9b50000 	C:\Windows\SYSTEM32\WindowsCodecs.dll
0x00007ffdc7490000 - 0x00007ffdc74ee000 	C:\Windows\system32\dataexchange.dll
0x00007ffde5570000 - 0x00007ffde57f5000 	C:\Windows\system32\twinapi.appcore.dll
0x00007ffd98a80000 - 0x00007ffd98ab2000 	C:\Program Files\Common Files\Microsoft Shared\Ink\rtscom.dll
0x00007ffddc770000 - 0x00007ffddc8ba000 	C:\Windows\SYSTEM32\textinputframework.dll
0x00007ffdea2d0000 - 0x00007ffdea403000 	C:\Windows\SYSTEM32\CoreMessaging.dll
0x00007ffde71f0000 - 0x00007ffde755c000 	C:\Windows\SYSTEM32\CoreUIComponents.dll
0x00007ffded870000 - 0x00007ffded87c000 	C:\Windows\SYSTEM32\CRYPTBASE.DLL
0x00007ffdecc90000 - 0x00007ffdecd89000 	C:\Windows\SYSTEM32\DNSAPI.dll
0x00007ffdecc20000 - 0x00007ffdecc4d000 	C:\Windows\SYSTEM32\IPHLPAPI.DLL
0x00007ffdf0480000 - 0x00007ffdf0489000 	C:\Windows\System32\NSI.dll
0x00007ffde5910000 - 0x00007ffde591a000 	C:\Windows\System32\rasadhlp.dll
0x00007ffde2cd0000 - 0x00007ffde2d54000 	C:\Windows\System32\fwpuclnt.dll
0x00007ffdca8f0000 - 0x00007ffdca8f7000 	C:\Program Files\Java\jdk-21\bin\extnet.dll
0x00007ffdc9f80000 - 0x00007ffdc9f8a000 	C:\Program Files\Java\jdk-21\bin\management.dll

dbghelp: loaded successfully - version: 4.0.5 - missing functions: none
symbol engine: initialized successfully - sym options: 0x614 - pdb path: .;C:\Program Files\Java\jdk-21\bin;C:\Windows\SYSTEM32;C:\Windows\WinSxS\amd64_microsoft.windows.common-controls_6595b64144ccf1df_6.0.22621.2361_none_2712ced57382f843;C:\Program Files\Java\jdk-21\bin\server;C:\Users\Marcos\Downloads\openjfx-21.0.1_windows-x64_bin-sdk\javafx-sdk-21.0.1\bin;C:\Windows\System32\DriverStore\FileRepository\iigd_dch.inf_amd64_ec78d1ea5d5881eb;C:\Program Files\Common Files\Microsoft Shared\Ink

VM Arguments:
jvm_args: --module-path=C:/Users/Marcos/Downloads/openjfx-21.0.1_windows-x64_bin-sdk/javafx-sdk-21.0.1/lib --add-modules=javafx.controls,javafx.fxml --enable-preview -XX:+ShowCodeDetailsInExceptionMessages 
java_command: visao.Main
java_class_path (initial): C:\Users\Marcos\Documents\Vscode\Java\aaaa\bin;c:\Users\Marcos\Downloads\openjfx-21.0.1_windows-x64_bin-sdk\javafx-sdk-21.0.1\lib\javafx.swing.jar;c:\Users\Marcos\Downloads\openjfx-21.0.1_windows-x64_bin-sdk\javafx-sdk-21.0.1\lib\javafx.controls.jar;c:\Users\Marcos\Downloads\openjfx-21.0.1_windows-x64_bin-sdk\javafx-sdk-21.0.1\lib\javafx.media.jar;c:\Users\Marcos\Downloads\openjfx-21.0.1_windows-x64_bin-sdk\javafx-sdk-21.0.1\lib\javafx.base.jar;c:\Users\Marcos\Downloads\openjfx-21.0.1_windows-x64_bin-sdk\javafx-sdk-21.0.1\lib\javafx.web.jar;c:\Users\Marcos\Downloads\openjfx-21.0.1_windows-x64_bin-sdk\javafx-sdk-21.0.1\lib\javafx.fxml.jar;c:\Users\Marcos\Downloads\openjfx-21.0.1_windows-x64_bin-sdk\javafx-sdk-21.0.1\lib\javafx.graphics.jar;c:\Users\Marcos\Downloads\postgresql-42.7.0.jar;c:\Users\Marcos\Downloads\openjfx-21.0.1_windows-x64_bin-sdk\javafx-sdk-21.0.1\lib\javafx-swt.jar
Launcher Type: SUN_STANDARD

[Global flags]
     intx CICompilerCount                          = 3                                         {product} {ergonomic}
     uint ConcGCThreads                            = 1                                         {product} {ergonomic}
     uint G1ConcRefinementThreads                  = 4                                         {product} {ergonomic}
   size_t G1HeapRegionSize                         = 1048576                                   {product} {ergonomic}
    uintx GCDrainStackTargetSize                   = 64                                        {product} {ergonomic}
   size_t InitialHeapSize                          = 132120576                                 {product} {ergonomic}
   size_t MarkStackSize                            = 4194304                                   {product} {ergonomic}
   size_t MaxHeapSize                              = 2111832064                                {product} {ergonomic}
   size_t MaxNewSize                               = 1266679808                                {product} {ergonomic}
   size_t MinHeapDeltaBytes                        = 1048576                                   {product} {ergonomic}
   size_t MinHeapSize                              = 8388608                                   {product} {ergonomic}
    uintx NonNMethodCodeHeapSize                   = 5832780                                {pd product} {ergonomic}
    uintx NonProfiledCodeHeapSize                  = 122912730                              {pd product} {ergonomic}
    uintx ProfiledCodeHeapSize                     = 122912730                              {pd product} {ergonomic}
    uintx ReservedCodeCacheSize                    = 251658240                              {pd product} {ergonomic}
     bool SegmentedCodeCache                       = true                                      {product} {ergonomic}
     bool ShowCodeDetailsInExceptionMessages       = true                                   {manageable} {command line}
   size_t SoftMaxHeapSize                          = 2111832064                             {manageable} {ergonomic}
     bool UseCompressedOops                        = true                           {product lp64_product} {ergonomic}
     bool UseG1GC                                  = true                                      {product} {ergonomic}
     bool UseLargePagesIndividualAllocation        = false                                  {pd product} {ergonomic}

Logging:
Log output configuration:
 #0: stdout all=warning uptime,level,tags foldmultilines=false
 #1: stderr all=off uptime,level,tags foldmultilines=false

Environment Variables:
PATH=C:\Program Files\Common Files\Oracle\Java\javapath;C:\Windows\system32;C:\Windows;C:\Windows\System32\Wbem;C:\Windows\System32\WindowsPowerShell\v1.0\;C:\Windows\System32\OpenSSH\;C:\Program Files\Git\cmd;C:\ProgramData\chocolatey\bin;C:\Program Files\nodejs\;C:\Users\Marcos\AppData\Local\Programs\Python\Python312\Scripts\;C:\Users\Marcos\AppData\Local\Programs\Python\Python312\;C:\Users\Marcos\AppData\Local\Microsoft\WindowsApps;C:\Users\Marcos\AppData\Local\Programs\Microsoft VS Code\bin;C:\Program Files\JetBrains\IntelliJ IDEA Community Edition 2023.2.4\bin;C:\Users\Marcos\AppData\Roaming\npm
USERNAME=Marcos
LANG=pt_BR.UTF-8
OS=Windows_NT
PROCESSOR_IDENTIFIER=Intel64 Family 6 Model 142 Stepping 12, GenuineIntel
TMP=C:\Users\Marcos\AppData\Local\Temp
TEMP=C:\Users\Marcos\AppData\Local\Temp




Periodic native trim disabled

---------------  S Y S T E M  ---------------

OS:
 Windows 11 , 64 bit Build 22621 (10.0.22621.2428)
OS uptime: 0 days 3:06 hours

CPU: total 4 (initial active 4) (2 cores per cpu, 2 threads per core) family 6 model 142 stepping 12 microcode 0xde, cx8, cmov, fxsr, ht, mmx, 3dnowpref, sse, sse2, sse3, ssse3, sse4.1, sse4.2, popcnt, lzcnt, tsc, tscinvbit, avx, avx2, aes, erms, clmul, bmi1, bmi2, adx, fma, vzeroupper, clflush, clflushopt, rdtscp, f16c
Processor Information for all 4 processors :
  Max Mhz: 2501, Current Mhz: 2100, Mhz Limit: 2075

Memory: 4k page, system-wide physical 8049M (1554M free)
TotalPageFile size 9951M (AvailPageFile size 5M)
current process WorkingSet (physical memory assigned to process): 183M, peak: 233M
current process commit charge ("private bytes"): 233M, peak: 304M

vm_info: Java HotSpot(TM) 64-Bit Server VM (21.0.1+12-LTS-29) for windows-amd64 JRE (21.0.1+12-LTS-29), built on 2023-10-05T13:27:09Z by "mach5one" with MS VC++ 17.1 (VS2022)

END.
